1535700015339	geckodriver	INFO	Listening on 127.0.0.1:19138
1535700018431	geckodriver::marionette	INFO	Starting browser \\?\C:\Program Files\Firefox Developer Edition\firefox.exe with args ["-marionette"]
1535700018740	addons.manager	DEBUG	Application has been upgraded
1535700018756	addons.manager	DEBUG	Loaded provider scope for resource://gre/modules/addons/XPIProvider.jsm: ["XPIProvider", "XPIInternal"]
1535700018760	addons.manager	DEBUG	Loaded provider scope for resource://gre/modules/LightweightThemeManager.jsm: ["LightweightThemeManager"]
1535700018782	addons.manager	DEBUG	Loaded provider scope for resource://gre/modules/addons/GMPProvider.jsm
1535700018784	addons.manager	DEBUG	Loaded provider scope for resource://gre/modules/addons/PluginProvider.jsm
1535700018784	addons.manager	DEBUG	Starting provider: XPIProvider
1535700018785	addons.xpi	DEBUG	startup
1535700018786	addons.xpi	INFO	SystemAddonLocation directory is missing
1535700018797	addons.xpi	INFO	Removing all system add-on upgrades.
1535700018798	addons.xpi	DEBUG	checkForChanges
1535700018798	addons.xpi	DEBUG	Loaded add-on state: ${}
1535700018799	addons.xpi	DEBUG	New add-on activity-stream@mozilla.org in app-system-defaults
1535700018800	addons.xpi	DEBUG	New add-on aushelper@mozilla.org in app-system-defaults
1535700018801	addons.xpi	DEBUG	New add-on firefox@getpocket.com in app-system-defaults
1535700018802	addons.xpi	DEBUG	New add-on followonsearch@mozilla.com in app-system-defaults
1535700018802	addons.xpi	DEBUG	New add-on formautofill@mozilla.org in app-system-defaults
1535700018803	addons.xpi	DEBUG	New add-on onboarding@mozilla.org in app-system-defaults
1535700018804	addons.xpi	DEBUG	New add-on screenshots@mozilla.org in app-system-defaults
1535700018804	addons.xpi	DEBUG	New add-on webcompat-reporter@mozilla.org in app-system-defaults
1535700018804	addons.xpi	DEBUG	New add-on webcompat@mozilla.org in app-system-defaults
1535700018805	addons.xpi	DEBUG	scanForChanges changed: true, state: {}
1535700018813	addons.xpi-utils	DEBUG	Error: Synchronously loading the add-ons database (resource://gre/modules/addons/XPIDatabase.jsm:1329:15) JS Stack trace: syncLoadDB@XPIDatabase.jsm:1329:15
checkForChanges@XPIProvider.jsm:2533:9
startup@XPIProvider.jsm:2116:25
callProvider@AddonManager.jsm:206:12
_startProvider@AddonManager.jsm:654:5
startup@AddonManager.jsm:813:9
startup@AddonManager.jsm:2808:5
observe@addonManager.js:66:9
1535700018813	addons.xpi-utils	DEBUG	Starting async load of XPI database C:\Users\mmaney\AppData\Local\Temp\rust_mozprofile.khINKAy3sNtW\extensions.json
1535700018855	addons.xpi-utils	DEBUG	New add-on activity-stream@mozilla.org installed in app-system-defaults
*** Blocklist::_preloadBlocklistFile: blocklist is disabled
1535700018914	addons.xpi-utils	DEBUG	New add-on aushelper@mozilla.org installed in app-system-defaults
1535700018919	addons.xpi-utils	DEBUG	New add-on firefox@getpocket.com installed in app-system-defaults
1535700018925	addons.xpi-utils	DEBUG	New add-on followonsearch@mozilla.com installed in app-system-defaults
1535700018930	addons.xpi-utils	DEBUG	New add-on formautofill@mozilla.org installed in app-system-defaults
1535700018935	addons.xpi-utils	DEBUG	New add-on onboarding@mozilla.org installed in app-system-defaults
1535700018944	addons.xpi-utils	DEBUG	New add-on screenshots@mozilla.org installed in app-system-defaults
1535700018946	addons.xpi-utils	DEBUG	XPI Database saved, setting schema version preference to 27
1535700018950	addons.xpi-utils	DEBUG	New add-on webcompat-reporter@mozilla.org installed in app-system-defaults
1535700018955	addons.xpi-utils	DEBUG	New add-on webcompat@mozilla.org installed in app-system-defaults
1535700019090	addons.manager	DEBUG	Registering startup change 'installed' for activity-stream@mozilla.org
1535700019096	addons.xpi	DEBUG	Loading bootstrap scope from C:\Program Files\Firefox Developer Edition\browser\features\activity-stream@mozilla.org.xpi
1535700019100	addons.xpi	DEBUG	Calling bootstrap method install on activity-stream@mozilla.org version 2018.07.20.0965-f12d9516
1535700019100	addons.xpi-utils	DEBUG	Make addon app-system-defaults:activity-stream@mozilla.org visible
1535700019101	addons.xpi	DEBUG	Updating XPIState for {"id":"activity-stream@mozilla.org","syncGUID":"{15048c86-9976-4293-8a78-46cec267ec77}","version":"2018.07.20.0965-f12d9516","type":"extension","defaultLocale":{"name":"Activity Stream","description":"A rich visual history feed and a reimagined home page make it easier than ever to find exactly what you're looking for in Firefox."},"visible":true,"active":false,"userDisabled":false,"appDisabled":false,"installDate":1534416915392,"updateDate":1534416915392,"applyBackgroundUpdates":1,"path":"C:\\Program Files\\Firefox Developer Edition\\browser\\features\\activity-stream@mozilla.org.xpi","skinnable":false,"sourceURI":null,"releaseNotesURI":null,"softDisabled":false,"foreignInstall":false,"strictCompatibility":false,"locales":[],"targetApplications":[{"id":"{ec8030f7-c20a-464f-9b0e-13a3a9e97384}","minVersion":"62.0","maxVersion":"62.*"}],"targetPlatforms":[],"seen":true,"dependencies":[],"hasEmbeddedWebExtension":false,"userPermissions":null,"icons":{},"blocklistState":0,"blocklistURL":null,"startupData":null,"location":"app-system-defaults"}
1535700019102	addons.manager	DEBUG	Registering startup change 'installed' for aushelper@mozilla.org
1535700019102	addons.xpi	DEBUG	Loading bootstrap scope from C:\Program Files\Firefox Developer Edition\browser\features\aushelper@mozilla.org.xpi
1535700019104	addons.xpi	DEBUG	Calling bootstrap method install on aushelper@mozilla.org version 2.0
1535700019104	addons.xpi-utils	DEBUG	Make addon app-system-defaults:aushelper@mozilla.org visible
1535700019105	addons.xpi	DEBUG	Updating XPIState for {"id":"aushelper@mozilla.org","syncGUID":"{2c39d166-1114-4f73-9793-65ef2fa5b731}","version":"2.0","type":"extension","defaultLocale":{"name":"Application Update Service Helper","description":"Sets value(s) in the update url based on custom checks."},"visible":true,"active":false,"userDisabled":false,"appDisabled":false,"installDate":1531466261926,"updateDate":1531466261926,"applyBackgroundUpdates":1,"path":"C:\\Program Files\\Firefox Developer Edition\\browser\\features\\aushelper@mozilla.org.xpi","skinnable":false,"sourceURI":null,"releaseNotesURI":null,"softDisabled":false,"foreignInstall":false,"strictCompatibility":false,"locales":[],"targetApplications":[{"id":"{ec8030f7-c20a-464f-9b0e-13a3a9e97384}","minVersion":"62.0","maxVersion":"62.*"}],"targetPlatforms":[],"seen":true,"dependencies":[],"hasEmbeddedWebExtension":false,"userPermissions":null,"icons":{},"blocklistState":0,"blocklistURL":null,"startupData":null,"location":"app-system-defaults"}
1535700019105	addons.manager	DEBUG	Registering startup change 'installed' for firefox@getpocket.com
1535700019105	addons.xpi	DEBUG	Loading bootstrap scope from C:\Program Files\Firefox Developer Edition\browser\features\firefox@getpocket.com.xpi
1535700019111	addons.xpi	DEBUG	Calling bootstrap method install on firefox@getpocket.com version 1.0.5
1535700019111	addons.xpi-utils	DEBUG	Make addon app-system-defaults:firefox@getpocket.com visible
1535700019111	addons.xpi	DEBUG	Updating XPIState for {"id":"firefox@getpocket.com","syncGUID":"{c952ef28-d665-49e4-8258-6949f5b669f6}","version":"1.0.5","type":"extension","defaultLocale":{"name":"Pocket","description":"When you find something you want to view later, put it in Pocket."},"visible":true,"active":false,"userDisabled":false,"appDisabled":false,"installDate":1531466261921,"updateDate":1531466261921,"applyBackgroundUpdates":1,"path":"C:\\Program Files\\Firefox Developer Edition\\browser\\features\\firefox@getpocket.com.xpi","skinnable":false,"sourceURI":null,"releaseNotesURI":null,"softDisabled":false,"foreignInstall":false,"strictCompatibility":false,"locales":[],"targetApplications":[{"id":"{ec8030f7-c20a-464f-9b0e-13a3a9e97384}","minVersion":"62.0","maxVersion":"62.*"}],"targetPlatforms":[],"seen":true,"dependencies":[],"hasEmbeddedWebExtension":false,"userPermissions":null,"icons":{},"blocklistState":0,"blocklistURL":null,"startupData":null,"location":"app-system-defaults"}
1535700019111	addons.manager	DEBUG	Registering startup change 'installed' for followonsearch@mozilla.com
1535700019112	addons.xpi	DEBUG	Loading bootstrap scope from C:\Program Files\Firefox Developer Edition\browser\features\followonsearch@mozilla.com.xpi
1535700019114	addons.xpi	DEBUG	Calling bootstrap method install on followonsearch@mozilla.com version 0.9.7
1535700019114	addons.xpi-utils	DEBUG	Make addon app-system-defaults:followonsearch@mozilla.com visible
1535700019114	addons.xpi	DEBUG	Updating XPIState for {"id":"followonsearch@mozilla.com","syncGUID":"{21b3250a-2fc9-493d-9733-ef5ca2aa8042}","version":"0.9.7","type":"extension","defaultLocale":{"name":"Follow-on Search Telemetry"},"visible":true,"active":false,"userDisabled":false,"appDisabled":false,"installDate":1531466261886,"updateDate":1531466261886,"applyBackgroundUpdates":1,"path":"C:\\Program Files\\Firefox Developer Edition\\browser\\features\\followonsearch@mozilla.com.xpi","skinnable":false,"sourceURI":null,"releaseNotesURI":null,"softDisabled":false,"foreignInstall":false,"strictCompatibility":false,"locales":[],"targetApplications":[{"id":"{ec8030f7-c20a-464f-9b0e-13a3a9e97384}","minVersion":"52.0","maxVersion":"66.*"}],"targetPlatforms":[],"seen":true,"dependencies":[],"hasEmbeddedWebExtension":false,"userPermissions":null,"icons":{},"blocklistState":0,"blocklistURL":null,"startupData":null,"location":"app-system-defaults"}
1535700019115	addons.manager	DEBUG	Registering startup change 'installed' for formautofill@mozilla.org
1535700019115	addons.xpi	DEBUG	Loading bootstrap scope from C:\Program Files\Firefox Developer Edition\browser\features\formautofill@mozilla.org.xpi
1535700019117	addons.xpi	DEBUG	Calling bootstrap method install on formautofill@mozilla.org version 1.0
1535700019117	addons.xpi-utils	DEBUG	Make addon app-system-defaults:formautofill@mozilla.org visible
1535700019118	addons.xpi	DEBUG	Updating XPIState for {"id":"formautofill@mozilla.org","syncGUID":"{e2589f0a-6396-4c32-b08e-bb39266b8aef}","version":"1.0","type":"extension","defaultLocale":{"name":"Form Autofill","description":"Autofill forms with saved profiles"},"visible":true,"active":false,"userDisabled":false,"appDisabled":false,"installDate":1531466261881,"updateDate":1531466261881,"applyBackgroundUpdates":1,"path":"C:\\Program Files\\Firefox Developer Edition\\browser\\features\\formautofill@mozilla.org.xpi","skinnable":false,"sourceURI":null,"releaseNotesURI":null,"softDisabled":false,"foreignInstall":false,"strictCompatibility":false,"locales":[],"targetApplications":[{"id":"{ec8030f7-c20a-464f-9b0e-13a3a9e97384}","minVersion":"62.0","maxVersion":"62.*"}],"targetPlatforms":[],"seen":true,"dependencies":[],"hasEmbeddedWebExtension":false,"userPermissions":null,"icons":{},"blocklistState":0,"blocklistURL":null,"startupData":null,"location":"app-system-defaults"}
1535700019118	addons.manager	DEBUG	Registering startup change 'installed' for onboarding@mozilla.org
1535700019118	addons.xpi	DEBUG	Loading bootstrap scope from C:\Program Files\Firefox Developer Edition\browser\features\onboarding@mozilla.org.xpi
1535700019122	addons.xpi	DEBUG	Calling bootstrap method install on onboarding@mozilla.org version 1.0
1535700019122	addons.xpi-utils	DEBUG	Make addon app-system-defaults:onboarding@mozilla.org visible
1535700019122	addons.xpi	DEBUG	Updating XPIState for {"id":"onboarding@mozilla.org","syncGUID":"{0d405452-c67b-420f-b33f-f3ba2ea16d00}","version":"1.0","type":"extension","defaultLocale":{"name":"Photon onboarding","description":"Photon onboarding"},"visible":true,"active":false,"userDisabled":false,"appDisabled":false,"installDate":1531466261863,"updateDate":1531466261863,"applyBackgroundUpdates":1,"path":"C:\\Program Files\\Firefox Developer Edition\\browser\\features\\onboarding@mozilla.org.xpi","skinnable":false,"sourceURI":null,"releaseNotesURI":null,"softDisabled":false,"foreignInstall":false,"strictCompatibility":false,"locales":[],"targetApplications":[{"id":"{ec8030f7-c20a-464f-9b0e-13a3a9e97384}","minVersion":"62.0","maxVersion":"62.*"}],"targetPlatforms":[],"seen":true,"dependencies":[],"hasEmbeddedWebExtension":false,"userPermissions":null,"icons":{},"blocklistState":0,"blocklistURL":null,"startupData":null,"location":"app-system-defaults"}
1535700019122	addons.manager	DEBUG	Registering startup change 'installed' for screenshots@mozilla.org
1535700019122	addons.xpi	DEBUG	Loading bootstrap scope from C:\Program Files\Firefox Developer Edition\browser\features\screenshots@mozilla.org.xpi
1535700019125	addons.xpi	DEBUG	Calling bootstrap method install on screenshots@mozilla.org version 33.0.0
1535700019125	addons.xpi-utils	DEBUG	Make addon app-system-defaults:screenshots@mozilla.org visible
1535700019126	addons.xpi	DEBUG	Updating XPIState for {"id":"screenshots@mozilla.org","syncGUID":"{2bbb7ac6-7540-4fb1-9c2d-bb0b2e8755c0}","version":"33.0.0","type":"extension","defaultLocale":{"name":"Firefox Screenshots","homepageURL":"https://screenshots.firefox.com/"},"visible":true,"active":false,"userDisabled":false,"appDisabled":false,"installDate":1531466261838,"updateDate":1531466261838,"applyBackgroundUpdates":1,"path":"C:\\Program Files\\Firefox Developer Edition\\browser\\features\\screenshots@mozilla.org.xpi","skinnable":false,"sourceURI":null,"releaseNotesURI":null,"softDisabled":false,"foreignInstall":false,"strictCompatibility":false,"locales":[],"targetApplications":[{"id":"{ec8030f7-c20a-464f-9b0e-13a3a9e97384}","minVersion":"57.0a1","maxVersion":"*"}],"targetPlatforms":[],"seen":true,"dependencies":[],"hasEmbeddedWebExtension":false,"userPermissions":null,"icons":{},"blocklistState":0,"blocklistURL":null,"startupData":null,"location":"app-system-defaults"}
1535700019126	addons.manager	DEBUG	Registering startup change 'installed' for webcompat-reporter@mozilla.org
1535700019126	addons.xpi	DEBUG	Loading bootstrap scope from C:\Program Files\Firefox Developer Edition\browser\features\webcompat-reporter@mozilla.org.xpi
1535700019128	addons.xpi	DEBUG	Calling bootstrap method install on webcompat-reporter@mozilla.org version 1.0.0
1535700019128	addons.xpi-utils	DEBUG	Make addon app-system-defaults:webcompat-reporter@mozilla.org visible
1535700019128	addons.xpi	DEBUG	Updating XPIState for {"id":"webcompat-reporter@mozilla.org","syncGUID":"{a26c1509-01a8-469d-acc1-b73bd3dc4049}","version":"1.0.0","type":"extension","defaultLocale":{"name":"WebCompat Reporter","description":"Report site compatibility issues on webcompat.com."},"visible":true,"active":false,"userDisabled":false,"appDisabled":false,"installDate":1531466261771,"updateDate":1531466261771,"applyBackgroundUpdates":1,"path":"C:\\Program Files\\Firefox Developer Edition\\browser\\features\\webcompat-reporter@mozilla.org.xpi","skinnable":false,"sourceURI":null,"releaseNotesURI":null,"softDisabled":false,"foreignInstall":false,"strictCompatibility":false,"locales":[],"targetApplications":[{"id":"{ec8030f7-c20a-464f-9b0e-13a3a9e97384}","minVersion":"62.0","maxVersion":"62.*"}],"targetPlatforms":[],"seen":true,"dependencies":[],"hasEmbeddedWebExtension":false,"userPermissions":null,"icons":{},"blocklistState":0,"blocklistURL":null,"startupData":null,"location":"app-system-defaults"}
1535700019128	addons.manager	DEBUG	Registering startup change 'installed' for webcompat@mozilla.org
1535700019129	addons.xpi	DEBUG	Loading bootstrap scope from C:\Program Files\Firefox Developer Edition\browser\features\webcompat@mozilla.org.xpi
1535700019131	addons.xpi	DEBUG	Calling bootstrap method install on webcompat@mozilla.org version 2.0
1535700019131	addons.xpi-utils	DEBUG	Make addon app-system-defaults:webcompat@mozilla.org visible
1535700019131	addons.xpi	DEBUG	Updating XPIState for {"id":"webcompat@mozilla.org","syncGUID":"{54c328ad-a794-4a7d-a43b-dfb8270193c9}","version":"2.0","type":"extension","defaultLocale":{"name":"Web Compat","description":"Urgent post-release fixes for web compatibility."},"visible":true,"active":false,"userDisabled":false,"appDisabled":false,"installDate":1531466261765,"updateDate":1531466261765,"applyBackgroundUpdates":1,"path":"C:\\Program Files\\Firefox Developer Edition\\browser\\features\\webcompat@mozilla.org.xpi","skinnable":false,"sourceURI":null,"releaseNotesURI":null,"softDisabled":false,"foreignInstall":false,"strictCompatibility":false,"locales":[],"targetApplications":[{"id":"{ec8030f7-c20a-464f-9b0e-13a3a9e97384}","minVersion":"62.0","maxVersion":"62.*"},{"id":"{aa3c5121-dab2-40e2-81ca-7ea25febc110}","minVersion":"62.0","maxVersion":"62.*"}],"targetPlatforms":[],"seen":true,"dependencies":[],"hasEmbeddedWebExtension":true,"userPermissions":null,"icons":{},"blocklistState":0,"blocklistURL":null,"startupData":null,"location":"app-system-defaults"}
1535700019132	addons.xpi	DEBUG	Updating XPIState for {"id":"activity-stream@mozilla.org","syncGUID":"{15048c86-9976-4293-8a78-46cec267ec77}","version":"2018.07.20.0965-f12d9516","type":"extension","defaultLocale":{"name":"Activity Stream","description":"A rich visual history feed and a reimagined home page make it easier than ever to find exactly what you're looking for in Firefox."},"visible":true,"active":true,"userDisabled":false,"appDisabled":false,"installDate":1534416915392,"updateDate":1534416915392,"applyBackgroundUpdates":1,"path":"C:\\Program Files\\Firefox Developer Edition\\browser\\features\\activity-stream@mozilla.org.xpi","skinnable":false,"sourceURI":null,"releaseNotesURI":null,"softDisabled":false,"foreignInstall":false,"strictCompatibility":false,"locales":[],"targetApplications":[{"id":"{ec8030f7-c20a-464f-9b0e-13a3a9e97384}","minVersion":"62.0","maxVersion":"62.*"}],"targetPlatforms":[],"seen":true,"dependencies":[],"hasEmbeddedWebExtension":false,"userPermissions":null,"icons":{},"blocklistState":0,"blocklistURL":null,"startupData":null,"location":"app-system-defaults"}
1535700019132	addons.xpi	DEBUG	Updating XPIState for {"id":"aushelper@mozilla.org","syncGUID":"{2c39d166-1114-4f73-9793-65ef2fa5b731}","version":"2.0","type":"extension","defaultLocale":{"name":"Application Update Service Helper","description":"Sets value(s) in the update url based on custom checks."},"visible":true,"active":true,"userDisabled":false,"appDisabled":false,"installDate":1531466261926,"updateDate":1531466261926,"applyBackgroundUpdates":1,"path":"C:\\Program Files\\Firefox Developer Edition\\browser\\features\\aushelper@mozilla.org.xpi","skinnable":false,"sourceURI":null,"releaseNotesURI":null,"softDisabled":false,"foreignInstall":false,"strictCompatibility":false,"locales":[],"targetApplications":[{"id":"{ec8030f7-c20a-464f-9b0e-13a3a9e97384}","minVersion":"62.0","maxVersion":"62.*"}],"targetPlatforms":[],"seen":true,"dependencies":[],"hasEmbeddedWebExtension":false,"userPermissions":null,"icons":{},"blocklistState":0,"blocklistURL":null,"startupData":null,"location":"app-system-defaults"}
1535700019132	addons.xpi	DEBUG	Updating XPIState for {"id":"firefox@getpocket.com","syncGUID":"{c952ef28-d665-49e4-8258-6949f5b669f6}","version":"1.0.5","type":"extension","defaultLocale":{"name":"Pocket","description":"When you find something you want to view later, put it in Pocket."},"visible":true,"active":true,"userDisabled":false,"appDisabled":false,"installDate":1531466261921,"updateDate":1531466261921,"applyBackgroundUpdates":1,"path":"C:\\Program Files\\Firefox Developer Edition\\browser\\features\\firefox@getpocket.com.xpi","skinnable":false,"sourceURI":null,"releaseNotesURI":null,"softDisabled":false,"foreignInstall":false,"strictCompatibility":false,"locales":[],"targetApplications":[{"id":"{ec8030f7-c20a-464f-9b0e-13a3a9e97384}","minVersion":"62.0","maxVersion":"62.*"}],"targetPlatforms":[],"seen":true,"dependencies":[],"hasEmbeddedWebExtension":false,"userPermissions":null,"icons":{},"blocklistState":0,"blocklistURL":null,"startupData":null,"location":"app-system-defaults"}
1535700019133	addons.xpi	DEBUG	Updating XPIState for {"id":"followonsearch@mozilla.com","syncGUID":"{21b3250a-2fc9-493d-9733-ef5ca2aa8042}","version":"0.9.7","type":"extension","defaultLocale":{"name":"Follow-on Search Telemetry"},"visible":true,"active":true,"userDisabled":false,"appDisabled":false,"installDate":1531466261886,"updateDate":1531466261886,"applyBackgroundUpdates":1,"path":"C:\\Program Files\\Firefox Developer Edition\\browser\\features\\followonsearch@mozilla.com.xpi","skinnable":false,"sourceURI":null,"releaseNotesURI":null,"softDisabled":false,"foreignInstall":false,"strictCompatibility":false,"locales":[],"targetApplications":[{"id":"{ec8030f7-c20a-464f-9b0e-13a3a9e97384}","minVersion":"52.0","maxVersion":"66.*"}],"targetPlatforms":[],"seen":true,"dependencies":[],"hasEmbeddedWebExtension":false,"userPermissions":null,"icons":{},"blocklistState":0,"blocklistURL":null,"startupData":null,"location":"app-system-defaults"}
1535700019133	addons.xpi	DEBUG	Updating XPIState for {"id":"formautofill@mozilla.org","syncGUID":"{e2589f0a-6396-4c32-b08e-bb39266b8aef}","version":"1.0","type":"extension","defaultLocale":{"name":"Form Autofill","description":"Autofill forms with saved profiles"},"visible":true,"active":true,"userDisabled":false,"appDisabled":false,"installDate":1531466261881,"updateDate":1531466261881,"applyBackgroundUpdates":1,"path":"C:\\Program Files\\Firefox Developer Edition\\browser\\features\\formautofill@mozilla.org.xpi","skinnable":false,"sourceURI":null,"releaseNotesURI":null,"softDisabled":false,"foreignInstall":false,"strictCompatibility":false,"locales":[],"targetApplications":[{"id":"{ec8030f7-c20a-464f-9b0e-13a3a9e97384}","minVersion":"62.0","maxVersion":"62.*"}],"targetPlatforms":[],"seen":true,"dependencies":[],"hasEmbeddedWebExtension":false,"userPermissions":null,"icons":{},"blocklistState":0,"blocklistURL":null,"startupData":null,"location":"app-system-defaults"}
1535700019133	addons.xpi	DEBUG	Updating XPIState for {"id":"onboarding@mozilla.org","syncGUID":"{0d405452-c67b-420f-b33f-f3ba2ea16d00}","version":"1.0","type":"extension","defaultLocale":{"name":"Photon onboarding","description":"Photon onboarding"},"visible":true,"active":true,"userDisabled":false,"appDisabled":false,"installDate":1531466261863,"updateDate":1531466261863,"applyBackgroundUpdates":1,"path":"C:\\Program Files\\Firefox Developer Edition\\browser\\features\\onboarding@mozilla.org.xpi","skinnable":false,"sourceURI":null,"releaseNotesURI":null,"softDisabled":false,"foreignInstall":false,"strictCompatibility":false,"locales":[],"targetApplications":[{"id":"{ec8030f7-c20a-464f-9b0e-13a3a9e97384}","minVersion":"62.0","maxVersion":"62.*"}],"targetPlatforms":[],"seen":true,"dependencies":[],"hasEmbeddedWebExtension":false,"userPermissions":null,"icons":{},"blocklistState":0,"blocklistURL":null,"startupData":null,"location":"app-system-defaults"}
1535700019133	addons.xpi	DEBUG	Updating XPIState for {"id":"screenshots@mozilla.org","syncGUID":"{2bbb7ac6-7540-4fb1-9c2d-bb0b2e8755c0}","version":"33.0.0","type":"extension","defaultLocale":{"name":"Firefox Screenshots","homepageURL":"https://screenshots.firefox.com/"},"visible":true,"active":true,"userDisabled":false,"appDisabled":false,"installDate":1531466261838,"updateDate":1531466261838,"applyBackgroundUpdates":1,"path":"C:\\Program Files\\Firefox Developer Edition\\browser\\features\\screenshots@mozilla.org.xpi","skinnable":false,"sourceURI":null,"releaseNotesURI":null,"softDisabled":false,"foreignInstall":false,"strictCompatibility":false,"locales":[],"targetApplications":[{"id":"{ec8030f7-c20a-464f-9b0e-13a3a9e97384}","minVersion":"57.0a1","maxVersion":"*"}],"targetPlatforms":[],"seen":true,"dependencies":[],"hasEmbeddedWebExtension":false,"userPermissions":null,"icons":{},"blocklistState":0,"blocklistURL":null,"startupData":null,"location":"app-system-defaults"}
1535700019133	addons.xpi	DEBUG	Updating XPIState for {"id":"webcompat-reporter@mozilla.org","syncGUID":"{a26c1509-01a8-469d-acc1-b73bd3dc4049}","version":"1.0.0","type":"extension","defaultLocale":{"name":"WebCompat Reporter","description":"Report site compatibility issues on webcompat.com."},"visible":true,"active":true,"userDisabled":false,"appDisabled":false,"installDate":1531466261771,"updateDate":1531466261771,"applyBackgroundUpdates":1,"path":"C:\\Program Files\\Firefox Developer Edition\\browser\\features\\webcompat-reporter@mozilla.org.xpi","skinnable":false,"sourceURI":null,"releaseNotesURI":null,"softDisabled":false,"foreignInstall":false,"strictCompatibility":false,"locales":[],"targetApplications":[{"id":"{ec8030f7-c20a-464f-9b0e-13a3a9e97384}","minVersion":"62.0","maxVersion":"62.*"}],"targetPlatforms":[],"seen":true,"dependencies":[],"hasEmbeddedWebExtension":false,"userPermissions":null,"icons":{},"blocklistState":0,"blocklistURL":null,"startupData":null,"location":"app-system-defaults"}
1535700019133	addons.xpi	DEBUG	Updating XPIState for {"id":"webcompat@mozilla.org","syncGUID":"{54c328ad-a794-4a7d-a43b-dfb8270193c9}","version":"2.0","type":"extension","defaultLocale":{"name":"Web Compat","description":"Urgent post-release fixes for web compatibility."},"visible":true,"active":true,"userDisabled":false,"appDisabled":false,"installDate":1531466261765,"updateDate":1531466261765,"applyBackgroundUpdates":1,"path":"C:\\Program Files\\Firefox Developer Edition\\browser\\features\\webcompat@mozilla.org.xpi","skinnable":false,"sourceURI":null,"releaseNotesURI":null,"softDisabled":false,"foreignInstall":false,"strictCompatibility":false,"locales":[],"targetApplications":[{"id":"{ec8030f7-c20a-464f-9b0e-13a3a9e97384}","minVersion":"62.0","maxVersion":"62.*"},{"id":"{aa3c5121-dab2-40e2-81ca-7ea25febc110}","minVersion":"62.0","maxVersion":"62.*"}],"targetPlatforms":[],"seen":true,"dependencies":[],"hasEmbeddedWebExtension":true,"userPermissions":null,"icons":{},"blocklistState":0,"blocklistURL":null,"startupData":null,"location":"app-system-defaults"}
1535700019134	addons.xpi-utils	DEBUG	Updating add-on states
1535700019137	addons.xpi	DEBUG	Registering manifest for C:\Program Files\Firefox Developer Edition\browser\features\activity-stream@mozilla.org.xpi
1535700019138	addons.xpi	DEBUG	Calling bootstrap method startup on activity-stream@mozilla.org version 2018.07.20.0965-f12d9516
1535700019139	addons.xpi	DEBUG	Registering manifest for C:\Program Files\Firefox Developer Edition\browser\features\aushelper@mozilla.org.xpi
1535700019140	addons.xpi	DEBUG	Calling bootstrap method startup on aushelper@mozilla.org version 2.0
1535700019141	addons.xpi	DEBUG	Registering manifest for C:\Program Files\Firefox Developer Edition\browser\features\firefox@getpocket.com.xpi
1535700019142	addons.xpi	DEBUG	Calling bootstrap method startup on firefox@getpocket.com version 1.0.5
1535700019148	addons.xpi	DEBUG	Registering manifest for C:\Program Files\Firefox Developer Edition\browser\features\followonsearch@mozilla.com.xpi
1535700019149	addons.xpi	DEBUG	Calling bootstrap method startup on followonsearch@mozilla.com version 0.9.7
1535700019149	addons.xpi	DEBUG	Registering manifest for C:\Program Files\Firefox Developer Edition\browser\features\formautofill@mozilla.org.xpi
1535700019150	addons.xpi	DEBUG	Calling bootstrap method startup on formautofill@mozilla.org version 1.0
1535700019151	addons.xpi	DEBUG	Registering manifest for C:\Program Files\Firefox Developer Edition\browser\features\onboarding@mozilla.org.xpi
1535700019152	addons.xpi	DEBUG	Calling bootstrap method startup on onboarding@mozilla.org version 1.0
1535700019152	addons.xpi	DEBUG	Registering manifest for C:\Program Files\Firefox Developer Edition\browser\features\screenshots@mozilla.org.xpi
1535700019153	addons.xpi	DEBUG	Calling bootstrap method startup on screenshots@mozilla.org version 33.0.0
1535700019153	addons.xpi	DEBUG	Registering manifest for C:\Program Files\Firefox Developer Edition\browser\features\webcompat-reporter@mozilla.org.xpi
1535700019154	addons.xpi	DEBUG	Calling bootstrap method startup on webcompat-reporter@mozilla.org version 1.0.0
1535700019154	addons.xpi	DEBUG	Registering manifest for C:\Program Files\Firefox Developer Edition\browser\features\webcompat@mozilla.org.xpi
1535700019156	addons.xpi	DEBUG	Calling bootstrap method startup on webcompat@mozilla.org version 2.0
1535700019159	addons.manager	DEBUG	Registering shutdown blocker for XPIProvider
1535700019159	addons.manager	DEBUG	Provider finished startup: XPIProvider
1535700019159	addons.manager	DEBUG	Starting provider: LightweightThemeManager
1535700019159	addons.manager	DEBUG	Registering shutdown blocker for LightweightThemeManager
1535700019160	addons.manager	DEBUG	Provider finished startup: LightweightThemeManager
1535700019160	addons.manager	DEBUG	Starting provider: GMPProvider
1535700019167	addons.manager	DEBUG	Registering shutdown blocker for GMPProvider
1535700019167	addons.manager	DEBUG	Provider finished startup: GMPProvider
1535700019168	addons.manager	DEBUG	Starting provider: PluginProvider
1535700019168	addons.manager	DEBUG	Registering shutdown blocker for PluginProvider
1535700019168	addons.manager	DEBUG	Provider finished startup: PluginProvider
1535700019169	addons.manager	DEBUG	Completed startup sequence
1535700020801	addons.xpi	DEBUG	Existing add-on activity-stream@mozilla.org in app-system-defaults
1535700020801	addons.xpi	DEBUG	Existing add-on aushelper@mozilla.org in app-system-defaults
1535700020802	addons.xpi	DEBUG	Existing add-on firefox@getpocket.com in app-system-defaults
1535700020802	addons.xpi	DEBUG	Existing add-on followonsearch@mozilla.com in app-system-defaults
1535700020802	addons.xpi	DEBUG	Existing add-on formautofill@mozilla.org in app-system-defaults
1535700020803	addons.xpi	DEBUG	Existing add-on onboarding@mozilla.org in app-system-defaults
1535700020803	addons.xpi	DEBUG	Existing add-on screenshots@mozilla.org in app-system-defaults
1535700020803	addons.xpi	DEBUG	Existing add-on webcompat-reporter@mozilla.org in app-system-defaults
1535700020803	addons.xpi	DEBUG	Existing add-on webcompat@mozilla.org in app-system-defaults
1535700020803	addons.xpi	DEBUG	scanForChanges changed: false, state: {}
1535700021056	Marionette	INFO	Listening on port 19150
1535700021568	Marionette	WARN	TLS certificate errors will be ignored for this session
1535700021637	Marionette	DEBUG	[6442450945] Frame script loaded
1535700021641	Marionette	DEBUG	[6442450945] Frame script registered
1535700031286	addons.xpi	DEBUG	Calling bootstrap method shutdown on webcompat@mozilla.org version 2.0
1535700031287	addons.xpi	DEBUG	Calling bootstrap method shutdown on webcompat-reporter@mozilla.org version 1.0.0
1535700031288	addons.xpi	DEBUG	Calling bootstrap method shutdown on screenshots@mozilla.org version 33.0.0
1535700031294	addons.xpi	DEBUG	Calling bootstrap method shutdown on onboarding@mozilla.org version 1.0
1535700031295	addons.xpi	DEBUG	Calling bootstrap method shutdown on formautofill@mozilla.org version 1.0
1535700031297	addons.xpi	DEBUG	Calling bootstrap method shutdown on followonsearch@mozilla.com version 0.9.7
1535700031298	addons.xpi	DEBUG	Calling bootstrap method shutdown on firefox@getpocket.com version 1.0.5
1535700031298	addons.xpi	DEBUG	Calling bootstrap method shutdown on aushelper@mozilla.org version 2.0
1535700031299	addons.xpi	DEBUG	Calling bootstrap method shutdown on activity-stream@mozilla.org version 2018.07.20.0965-f12d9516
[Child 4416, Chrome_ChildThread] WARNING: pipe error: 109: file z:/build/build/src/ipc/chromium/src/chrome/common/ipc_channel_win.cc, line 346
[Chil1535700031415	addons.manager	DEBUG	shutdown
1535700031416	addons.manager	DEBUG	Calling shutdown blocker for XPIProvider
1535700031416	addons.xpi	DEBUG	shutdown
1535700031416	addons.xpi-utils	DEBUG	shutdown
1535700031417	addons.manager	DEBUG	Calling shutdown blocker for LightweightThemeManager
1535700031417	addons.manager	DEBUG	Calling shutdown blocker for GMPProvider
1535700031418	addons.manager	DEBUG	Calling shutdown blocker for PluginProvider
1535700031424	addons.manager	DEBUG	Async provider shutdown done
1535700031689	Marionette	INFO	Stopped listening on port 19150
[GPU 18396, Chrome_ChildThread] WARNING: pipe error: 10
###!!! [Child][MessageChannel::SendAndWait] Error: Channel error: cannot send/recv


[GPU 11352, Chrome_ChildThread] WARNING: pipe error: 109: file
###!!! [Child][MessageChannel::SendAndWait] Error: Channel error: cannot send/recv

35699359485	addons.manager	DEBUG	Calling shutdown blocker for XPIProvider
1535699359486	addons.xpi	DEBUG	shutdown
1535699359486	addons.xpi-utils	DEBUG	shutdown
1535699359486	addons.manager	DEBUG	Calling shutdown blocker for LightweightThemeManager
1535699359487	addons.manager	DEBUG	Calling shutdown blocker for GMPProvider
1535699359488	addons.manager	DEBUG	Calling shutdown blocker for PluginProvider
1535699359494	addons.manager	DEBUG	Async provider shutdown done
1535699359758	Marionette	INFO	Stopped listening on port 18141
[GPU 16516, Chrome_ChildThread] W
###!!! [Child][MessageChannel::SendAndWait] Error: Channel error: cannot send/recv

